<?xml version="1.0" encoding="UTF-8"?>
<testsuite xmlns:xsi="http://www.w3.org/2001/XMLSchema-instance" xsi:noNamespaceSchemaLocation="https://maven.apache.org/surefire/maven-surefire-plugin/xsd/surefire-test-report-3.0.xsd" version="3.0" name="BasketSplitterTest" time="0.203" tests="3" errors="0" skipped="0" failures="0">
  <properties>
[...]
</properties>
  <testcase name="givenBasket1_whenSplitBasket_thenExpectResult" classname="BasketSplitterTest" time="0.148"/>
  <testcase name="givenBasket2_whenSplitBasket_thenExpectResult" classname="BasketSplitterTest" time="0.002"/>
  <testcase name="givenBasket3_whenSplitBasket_thenExpectResult" classname="BasketSplitterTest" time="0.002"/>
</testsuite>